[trimatrixlab.com/store/flatrica/index-dark.html]
[backblue.gif]
[fade.gif]
[index.html]
[trimatrixlab.com/store/flatrica/images/site/fav-icon.png]
[trimatrixlab.com/store/flatrica/images/site/apple-touch-icon.png]
[trimatrixlab.com/store/flatrica/images/profile/john.png]
[trimatrixlab.com/store/flatrica/images/profile/profile.png]
[trimatrixlab.com/store/flatrica/images/poster/poster.jpg]
[trimatrixlab.com/store/flatrica/videos/b.webm]
[trimatrixlab.com/store/flatrica/videos/a.mp4]
[trimatrixlab.com/store/flatrica/images/icons/book.png]
[trimatrixlab.com/store/flatrica/images/icons/mixer.png]
[trimatrixlab.com/store/flatrica/images/icons/layers.png]
[trimatrixlab.com/store/flatrica/images/timeline/demo-gra.jpg]
[trimatrixlab.com/store/flatrica/images/icons/safe.png]
[trimatrixlab.com/store/flatrica/images/portfolios/big-1.jpg]
[trimatrixlab.com/store/flatrica/images/portfolios/portfolio-1.jpg]
[trimatrixlab.com/store/flatrica/images/portfolios/portfolio-2.jpg]
[trimatrixlab.com/store/flatrica/images/portfolios/big-2.jpg]
[trimatrixlab.com/store/flatrica/images/portfolios/portfolio-3.jpg]
[trimatrixlab.com/store/flatrica/images/portfolios/portfolio-4.jpg]
[trimatrixlab.com/store/flatrica/single-portfolio-dark.html]
[trimatrixlab.com/store/flatrica/images/icons/heart.png]
[trimatrixlab.com/store/flatrica/images/icons/handshake.png]
[trimatrixlab.com/store/flatrica/images/clients/client-1.png]
[trimatrixlab.com/store/flatrica/images/clients/client-2.png]
[trimatrixlab.com/store/flatrica/images/clients/client-3.png]
[trimatrixlab.com/store/flatrica/images/logos/logo1.png]
[trimatrixlab.com/store/flatrica/images/logos/logo2.png]
[trimatrixlab.com/store/flatrica/images/logos/logo3.png]
[trimatrixlab.com/store/flatrica/images/logos/logo4.png]
[trimatrixlab.com/store/flatrica/images/logos/logo5.png]
[trimatrixlab.com/store/flatrica/images/logos/logo6.png]
[trimatrixlab.com/store/flatrica/images/logos/logo7.png]
[trimatrixlab.com/store/flatrica/images/logos/logo8.png]
[trimatrixlab.com/store/flatrica/images/logos/logo9.png]
[trimatrixlab.com/store/flatrica/images/icons/lightning.png]
[trimatrixlab.com/store/flatrica/images/icons/post-it.png]
[trimatrixlab.com/store/flatrica/images/blog/blog-2.png]
[trimatrixlab.com/store/flatrica/single-blog-dark.html]
[trimatrixlab.com/store/flatrica/images/blog/blog-1.png]
[trimatrixlab.com/store/flatrica/images/blog/blog-3.png]
[trimatrixlab.com/store/flatrica/images/icons/envelope.png]
[trimatrixlab.com/store/flatrica/javascript/vendors/jquery-2.1.3.min.js]
[trimatrixlab.com/store/flatrica/javascript/vendors/bootstrap.min.js]
[trimatrixlab.com/store/flatrica/javascript/vendors/materialize.min.js]
[trimatrixlab.com/store/flatrica/javascript/vendors/markerwithlabel.min.js]
[trimatrixlab.com/store/flatrica/javascript/vendors/retina.min.js]
[trimatrixlab.com/store/flatrica/javascript/vendors/scrollreveal.min.js]
[trimatrixlab.com/store/flatrica/javascript/vendors/swiper.jquery.min.js]
[trimatrixlab.com/store/flatrica/javascript/vendors/jquery.magnific-popup.min.js]
[trimatrixlab.com/store/flatrica/javascript/custom-dark.js]
[trimatrixlab.com/store/flatrica/index-dark.html]
[trimatrixlab.com/store/flatrica/fonts/fontawesome-webfont914c.eot]
[trimatrixlab.com/store/flatrica/fonts/fontawesome-webfontd41d.eot]
[trimatrixlab.com/store/flatrica/fonts/fontawesome-webfont914c.woff2]
[trimatrixlab.com/store/flatrica/fonts/fontawesome-webfont914c.woff]
[trimatrixlab.com/store/flatrica/fonts/fontawesome-webfont914c.ttf]
[trimatrixlab.com/store/flatrica/stylesheets/vendors/font-awesome.min.css]
[trimatrixlab.com/store/flatrica/stylesheets/vendors/animate.min.css]
[trimatrixlab.com/store/flatrica/stylesheets/vendors/magnific-popup.css]
[trimatrixlab.com/store/flatrica/stylesheets/vendors/swiper.min.css]
[trimatrixlab.com/store/flatrica/stylesheets/vendors/materialize.css]
[trimatrixlab.com/store/flatrica/fonts/glyphicons-halflings-regular.woff2]
[trimatrixlab.com/store/flatrica/fonts/glyphicons-halflings-regular.woff]
[trimatrixlab.com/store/flatrica/fonts/glyphicons-halflings-regular.ttf]
[trimatrixlab.com/store/flatrica/stylesheets/vendors/bootstrap.min.css]
[trimatrixlab.com/store/flatrica/images/backgrounds/background.jpg]
[trimatrixlab.com/store/flatrica/stylesheets/style_dark_dark.css]
[trimatrixlab.com/store/flatrica/videos/b.webm]
[trimatrixlab.com/store/flatrica/images/portfolio-single/single-1.jpg]
[trimatrixlab.com/store/flatrica/videos/a.mp4]
[trimatrixlab.com/store/flatrica/images/portfolio-single/single-2.jpg]
[trimatrixlab.com/store/flatrica/images/portfolio-single/single-3.jpg]
[trimatrixlab.com/store/flatrica/javascript/single-page.js]
[trimatrixlab.com/store/flatrica/single-portfolio-dark.html]
[www-trimatrixlab-com.disqus.com/embed.js]
[trimatrixlab.com/store/flatrica/single-blog-dark.html]
[trimatrixlab.com/store/flatrica/fonts/fontawesome-webfont914c.svg]
[trimatrixlab.com/store/flatrica/stylesheets/fonts/material-design-icons/Material-Design-Iconsd41d.html]
[trimatrixlab.com/store/flatrica/stylesheets/fonts/material-design-icons/Material-Design-Icons.html]
[trimatrixlab.com/store/flatrica/stylesheets/fonts/material-design-icons/Material-Design-Icons-2.html]
[trimatrixlab.com/store/flatrica/stylesheets/fonts/material-design-icons/Material-Design-Icons-3.html]
[trimatrixlab.com/store/flatrica/stylesheets/fonts/material-design-icons/Material-Design-Icons-4.html]
[trimatrixlab.com/store/flatrica/stylesheets/fonts/glyphicons-halflings-regular.html]
[trimatrixlab.com/store/flatrica/stylesheets/fonts/glyphicons-halflings-regulard41d.html]
[trimatrixlab.com/store/flatrica/stylesheets/fonts/glyphicons-halflings-regular-2.html]
[trimatrixlab.com/store/flatrica/videos/a.mp4]
[trimatrixlab.com/store/flatrica/videos/b.webm]
